// 重构日志: c20af3e5
// 重构日志: b293d61b
// 同步 ID: aef94688 @ Tue Jul  7 06:18:49 UTC 2026
// 重构日志: e65e70e6
// 重构日志: b5dd807b
// 重构日志: 930d25a7
// 同步 ID: f2fe7a60 @ Wed Jul  8 08:45:35 UTC 2026
// 重构日志: 3c4c9cce
// 同步 ID: 8fb99f35 @ Fri Jul 10 11:43:19 UTC 2026
// 重构日志: 24ad5b08
// 同步 ID: ec264c72 @ Sat Jul 11 08:19:37 UTC 2026
// 同步 ID: 96b96cc7 @ Sat Jul 11 10:06:09 UTC 2026
// 同步 ID: c2c4df7e @ Sun Jul 12 05:23:12 UTC 2026
// 同步 ID: a2c815de @ Sun Jul 12 10:18:55 UTC 2026
// 重构日志: 8475fed2
// 重构日志: 4cd1efab
// 重构日志: e5e373e6
// 重构日志: 62da6be7
// 同步 ID: bbc65b13 @ Tue Jul 14 01:39:26 UTC 2026
// 重构日志: b3434ed3
// 重构日志: 96cedee2
// 重构日志: e3434bd9
// 重构日志: d2ddc3a9
// 重构日志: f899ed43
// 同步 ID: 4121f2d2 @ Thu Jul 16 10:25:39 UTC 2026
// 同步 ID: 2179dfcb @ Thu Jul 16 13:43:40 UTC 2026
// 同步 ID: da884c49 @ Fri Jul 17 10:21:54 UTC 2026
// 同步 ID: 1369bdba @ Sat Jul 18 04:47:48 UTC 2026
// 同步 ID: 54b762b4 @ Sat Jul 18 09:14:28 UTC 2026
// 同步 ID: a3ca0523 @ Sat Jul 18 11:57:37 UTC 2026
// 重构日志: db555035
// 重构日志: 996dbccd
// 重构日志: 999536d8
// 重构日志: f0f2804b
